[INFO] logger started at Tue Sep 29 13:53:00 CEST 2020
[INFO] executable name: /home/sarah/code-workspace/NetRAX/experiments/Dendroscope_unix_3_7_2.sh
[INFO] install4j version: 8.0.4 (build 8111)
[INFO] Properties: 
-- listing properties --
sun.desktop=gnome
awt.toolkit=sun.awt.X11.XToolkit
java.specification.version=11
install4j.launcherId=1691243675
sun.cpu.isalist=
sun.jnu.encoding=UTF-8
java.class.path=i4jruntime.jar:launcher0.jar
sun.awt.enableExtraMouseButtons=true
java.vm.vendor=Debian
sun.arch.data.model=64
install4j.exeDir=/home/sarah/code-workspace/NetRAX/exp...
sun.font.fontmanager=sun.awt.X11FontManager
java.vendor.url=https://tracker.debian.org/openjdk-11
user.timezone=Europe/Berlin
os.name=Linux
java.vm.specification.version=11
sun.java.launcher=SUN_STANDARD
user.country=US
sun.boot.library.path=/usr/lib/jvm/java-11-openjdk-amd64/lib
sun.java.command=install4j.Installer1175798920
jdk.debug=release
sun.cpu.endian=little
user.home=/home/sarah
user.language=en
java.specification.vendor=Oracle Corporation
java.version.date=2020-07-14
java.home=/usr/lib/jvm/java-11-openjdk-amd64
file.separator=/
java.vm.compressedOopsMode=Zero based
line.separator=

java.specification.name=Java Platform API Specification
java.vm.specification.vendor=Oracle Corporation
java.awt.graphicsenv=sun.awt.X11GraphicsEnvironment
exe4j.moduleName=/home/sarah/code-workspace/NetRAX/exp...
sun.management.compiler=HotSpot 64-Bit Tiered Compilers
java.runtime.version=11.0.8+10-post-Debian-1deb10u1
user.name=sarah
path.separator=:
os.version=4.19.0-10-amd64
java.runtime.name=OpenJDK Runtime Environment
sun.java2d.noddraw=true
file.encoding=UTF-8
java.vm.name=OpenJDK 64-Bit Server VM
install4j.jvmDir=/usr/lib/jvm/java-11-openjdk-amd64
install4j.cwd=/home/sarah/code-workspace/NetRAX/exp...
install4j.appDir=/home/sarah/code-workspace/NetRAX/exp...
java.vendor.url.bug=https://bugs.debian.org/openjdk-11
java.io.tmpdir=/tmp
java.version=11.0.8
user.dir=/home/sarah/code-workspace/NetRAX/exp...
os.arch=amd64
java.vm.specification.name=Java Virtual Machine Specification
exe4j.totalDataLength=53201294
java.awt.printerjob=sun.print.PSPrinterJob
sun.os.patch.level=unknown
java.library.path=/home/sarah/code-workspace/NetRAX/exp...
java.vm.info=mixed mode, sharing
java.vendor=Debian
java.vm.version=11.0.8+10-post-Debian-1deb10u1
sun.io.unicode.encoding=UnicodeLittle
java.class.version=55.0
install4j.swt=false
[INFO] Variable changed: sys.resolveUserSpecificInstallationDir=false[class java.lang.String]
[INFO] com.install4j.runtime.beans.actions.misc.RequestPrivilegesAction [ID 1691242262]: Execute action
       Property allRequested: false
       Property failIfNotObtainedMac: true
       Property failIfNotObtainedWin: true
       Property failIfNotRootUnix: false
       Property obtainIfAdminMac: false
       Property obtainIfAdminWin: true
       Property obtainIfNormalMac: false
       Property obtainIfNormalWin: false
       Property rollbackSupported: false
       Property updateInstallationDirectory: true
       Variable changed: sys.resolveUserSpecificInstallationDir=true[class java.lang.Boolean]
       Execute action successful after 2 ms
[INFO] com.install4j.runtime.beans.screens.StartupScreen [ID 15]: command: move 1 screens, executing actions, checking condition
[INFO] com.install4j.runtime.beans.screens.WelcomeScreen [ID 1691242162]: Show screen
[INFO] checking writable with maximum
[INFO] Variable changed: sys.confirmedUpdateInstallation=true[class java.lang.Boolean]
[INFO] com.install4j.runtime.beans.actions.misc.LoadResponseFileAction [ID 1691242263]: Execute action
       Property excludedVariables: null
       Property file: null
       Property overwriteStrategy: Do not overwrite command line
       Property registerForResponseFile: true
       Property rollbackSupported: false
       Variable changed: sys.component.1691242184=true[class java.lang.Boolean]
       Variable changed: sys.component.1691242261=true[class java.lang.Boolean]
       Variable changed: sys.adminRights=false[class java.lang.Boolean]
       Variable changed: sys.languageId=en[class java.lang.String]
       Variable changed: sys.symlinkDir=/usr/local/bin[class java.lang.String]
       Variable changed: sys.programGroupDisabled=false[class java.lang.Boolean]
       Variable changed: sys.component.1691242183=true[class java.lang.Boolean]
       Variable changed: sys.installationDir=/home/sarah/dendroscope[class java.lang.String]
       Variable changed: myXmx=600[class java.lang.Integer]
       Execute action successful after 8 ms
[INFO] com.install4j.runtime.beans.screens.WelcomeScreen [ID 1691242162]: command: move 1 screens, executing actions, checking condition
[INFO] com.install4j.runtime.beans.screens.LicenseScreen [ID 1691242163]: Show screen
[INFO] com.install4j.runtime.beans.screens.LicenseScreen [ID 1691242163]: command: move 1 screens, executing actions, checking condition
[INFO] com.install4j.runtime.beans.screens.ComponentsScreen [ID 1691242165]: Show screen
[INFO] com.install4j.runtime.beans.screens.ComponentsScreen [ID 1691242165]: command: move 1 screens, executing actions, checking condition
[INFO] com.install4j.runtime.beans.screens.InstallationScreen [ID 1691242168]: Show screen
[INFO] com.install4j.runtime.beans.actions.UninstallPreviousAction [ID 1691242497]: Execute action
       Property installationDirectory: null
       Property installerVariables: {}
       Property logFiles: []
       Property onlyIfSameApplicationId: true
       Property rollbackSupported: false
       Property uninstallServices: true
       checking running processes
       checking running processes ok
       previous installation id at /home/sarah/dendroscope: 3637-0812-9190-9529
       starting uninstaller
       executing /home/sarah/dendroscope/uninstall
       see uninstallPrevious.log for the log file of the uninstaller
       Variable changed: sys.undeletedUninstallFiles=null
       finished
       Execute action successful after 4414 ms
[INFO] com.install4j.runtime.beans.actions.InstallFilesAction [ID 1691242169]: Execute action
       Property directoryResolverScript: null
       Property fileFilterScript: null
       Property sizeCalculatorScript: null
       Property acceptAllCertificates: false
       Property checkFreeSpace: true
       Property delay: false
       Property installRuntime: true
       Property rollbackSupported: true
       Property saveDownloadedFiles: false
       Property showFileNames: true
       Property triggerReboot: true
       Property updateBundledJre: true
       Property validateApplicationId: false
       Component Dendroscope Program[1691242261]; Selected: true
       Component Manual[1691242184]; Selected: true
       Component Examples[1691242183]; Selected: true
       Install file: /home/sarah/dendroscope/.install4j/Dendroscope.png; size: 3211 bytes; exists: false
       File options set to: [fileTime: Mon Feb 17 07:34:22 CET 2020, mode: 644, overwriteMode: Always, shared: false, uninstallMode: Always, delayIfNecessary: false]
       Install file: /home/sarah/dendroscope/.install4j/automaticUpdater; size: 13508 bytes; exists: false
       File options set to: [fileTime: Mon Feb 17 07:34:22 CET 2020, mode: 755, overwriteMode: If newer otherwise ask, shared: false, uninstallMode: If created, delayIfNecessary: false]
       Install file: /home/sarah/dendroscope/.install4j/automaticUpdater.png; size: 1884 bytes; exists: false
       File options set to: [fileTime: Mon Feb 17 07:34:22 CET 2020, mode: 644, overwriteMode: Always, shared: false, uninstallMode: Always, delayIfNecessary: false]
       Install file: /home/sarah/dendroscope/.install4j/uninstall.png; size: 6648 bytes; exists: false
       Install file: /home/sarah/dendroscope/uninstall; size: 13675 bytes; exists: false
       File options set to: [fileTime: Mon Feb 17 07:34:22 CET 2020, mode: 700, overwriteMode: If newer otherwise ask, shared: false, uninstallMode: If created, delayIfNecessary: false]
       Install file: /home/sarah/dendroscope/manual.pdf; size: 1264575 bytes; exists: false
       File options set to: [fileTime: Mon Feb 17 07:34:22 CET 2020, mode: 644, overwriteMode: Always ask except for update, shared: false, uninstallMode: If created, delayIfNecessary: false]
       Install file: /home/sarah/dendroscope/Examples/fishes/both; size: 32666 bytes; exists: false
       Install file: /home/sarah/dendroscope/Examples/fishes/both-hybrid.nexml; size: 145814 bytes; exists: false
       Install file: /home/sarah/dendroscope/Examples/fishes/both.dendro; size: 6264 bytes; exists: false
       Install file: /home/sarah/dendroscope/Examples/fishes/first.nexml; size: 27460 bytes; exists: false
       Install file: /home/sarah/dendroscope/Examples/fishes/second.nexml; size: 20038 bytes; exists: false
       Install file: /home/sarah/dendroscope/Examples/grasses/GBSS-original.nexml; size: 17389 bytes; exists: false
       Install file: /home/sarah/dendroscope/Examples/grasses/ITS-original.nexml; size: 38990 bytes; exists: false
       Install file: /home/sarah/dendroscope/Examples/grasses/ndhF-original.nexml; size: 57237 bytes; exists: false
       Install file: /home/sarah/dendroscope/Examples/grasses/phyB-original.nexml; size: 35410 bytes; exists: false
       Install file: /home/sarah/dendroscope/Examples/grasses/rbcL-original.nexml; size: 9110 bytes; exists: false
       Install file: /home/sarah/dendroscope/Examples/grasses/rpoC2-original.nexml; size: 28212 bytes; exists: false
       Install file: /home/sarah/dendroscope/Examples/nymphoides/its.nexml; size: 33998 bytes; exists: false
       Install file: /home/sarah/dendroscope/Examples/nymphoides/matK_trnK.nexml; size: 28761 bytes; exists: false
       Install file: /home/sarah/dendroscope/Dendroscope; size: 13649 bytes; exists: false
       File options set to: [fileTime: Mon Feb 17 07:34:22 CET 2020, mode: 755, overwriteMode: If newer otherwise ask, shared: false, uninstallMode: If created, delayIfNecessary: false]
       Install file: /home/sarah/dendroscope/Dendroscope.vmoptions; size: 243 bytes; exists: true
       File options set to: [fileTime: Mon Feb 17 07:34:22 CET 2020, mode: 644, overwriteMode: Never, shared: false, uninstallMode: If created, but not for update, delayIfNecessary: false]
       Don't overwrite because file exists (ron: false)
       Did not replace /home/sarah/dendroscope/Dendroscope.vmoptions
       Install file: /home/sarah/dendroscope/License.txt; size: 968 bytes; exists: false
       File options set to: [fileTime: Mon Feb 17 07:34:22 CET 2020, mode: 644, overwriteMode: Always ask except for update, shared: false, uninstallMode: If created, delayIfNecessary: false]
       Install file: /home/sarah/dendroscope/jars/LICENSE-commons-collections-3.2.1.txt; size: 11560 bytes; exists: false
       Install file: /home/sarah/dendroscope/jars/VectorGraphics2D-0.13.jar; size: 94027 bytes; exists: false
       Install file: /home/sarah/dendroscope/jars/VectorGraphics2D-License.txt; size: 7446 bytes; exists: false
       Install file: /home/sarah/dendroscope/jars/commons-collections-3.2.1.jar; size: 575389 bytes; exists: false
       Install file: /home/sarah/dendroscope/jars/dendroscope3.jar; size: 1863103 bytes; exists: false
       Install file: /home/sarah/dendroscope/jars/jloda.jar; size: 1356209 bytes; exists: false
       Install file: /home/sarah/dendroscope/jars/nexml.jar; size: 85932 bytes; exists: false
       Install file: /home/sarah/dendroscope/jars/xml-apis-ext-1.3.04.jar; size: 85686 bytes; exists: false
       Install file: /home/sarah/dendroscope/openjfx/unix/legal/javafx.base/ADDITIONAL_LICENSE_INFO; size: 2114 bytes; exists: false
       Install file: /home/sarah/dendroscope/openjfx/unix/legal/javafx.base/ASSEMBLY_EXCEPTION; size: 1522 bytes; exists: false
       Install file: /home/sarah/dendroscope/openjfx/unix/legal/javafx.base/LICENSE; size: 19274 bytes; exists: false
       Install file: /home/sarah/dendroscope/openjfx/unix/legal/javafx.controls/ADDITIONAL_LICENSE_INFO; size: 2114 bytes; exists: false
       Install file: /home/sarah/dendroscope/openjfx/unix/legal/javafx.controls/ASSEMBLY_EXCEPTION; size: 1522 bytes; exists: false
       Install file: /home/sarah/dendroscope/openjfx/unix/legal/javafx.controls/LICENSE; size: 19274 bytes; exists: false
       Install file: /home/sarah/dendroscope/openjfx/unix/legal/javafx.fxml/ADDITIONAL_LICENSE_INFO; size: 2114 bytes; exists: false
       Install file: /home/sarah/dendroscope/openjfx/unix/legal/javafx.fxml/ASSEMBLY_EXCEPTION; size: 1522 bytes; exists: false
       Install file: /home/sarah/dendroscope/openjfx/unix/legal/javafx.fxml/LICENSE; size: 19274 bytes; exists: false
       Install file: /home/sarah/dendroscope/openjfx/unix/legal/javafx.graphics/ADDITIONAL_LICENSE_INFO; size: 2114 bytes; exists: false
       Install file: /home/sarah/dendroscope/openjfx/unix/legal/javafx.graphics/ASSEMBLY_EXCEPTION; size: 1522 bytes; exists: false
       Install file: /home/sarah/dendroscope/openjfx/unix/legal/javafx.graphics/LICENSE; size: 19274 bytes; exists: false
       Install file: /home/sarah/dendroscope/openjfx/unix/legal/javafx.graphics/jpeg_fx.md; size: 2161 bytes; exists: false
       Install file: /home/sarah/dendroscope/openjfx/unix/legal/javafx.media/ADDITIONAL_LICENSE_INFO; size: 2114 bytes; exists: false
       Install file: /home/sarah/dendroscope/openjfx/unix/legal/javafx.media/ASSEMBLY_EXCEPTION; size: 1522 bytes; exists: false
       Install file: /home/sarah/dendroscope/openjfx/unix/legal/javafx.media/LICENSE; size: 19274 bytes; exists: false
       Install file: /home/sarah/dendroscope/openjfx/unix/legal/javafx.media/applecoreaudio.md; size: 2580 bytes; exists: false
       Install file: /home/sarah/dendroscope/openjfx/unix/legal/javafx.media/glib.md; size: 27550 bytes; exists: false
       Install file: /home/sarah/dendroscope/openjfx/unix/legal/javafx.media/gstreamer.md; size: 27584 bytes; exists: false
       Install file: /home/sarah/dendroscope/openjfx/unix/legal/javafx.media/libffi.md; size: 1185 bytes; exists: false
       Install file: /home/sarah/dendroscope/openjfx/unix/legal/javafx.swing/ADDITIONAL_LICENSE_INFO; size: 2114 bytes; exists: false
       Install file: /home/sarah/dendroscope/openjfx/unix/legal/javafx.swing/ASSEMBLY_EXCEPTION; size: 1522 bytes; exists: false
       Install file: /home/sarah/dendroscope/openjfx/unix/legal/javafx.swing/LICENSE; size: 19274 bytes; exists: false
       Install file: /home/sarah/dendroscope/openjfx/unix/legal/javafx.web/ADDITIONAL_LICENSE_INFO; size: 2114 bytes; exists: false
       Install file: /home/sarah/dendroscope/openjfx/unix/legal/javafx.web/ASSEMBLY_EXCEPTION; size: 1522 bytes; exists: false
       Install file: /home/sarah/dendroscope/openjfx/unix/legal/javafx.web/LICENSE; size: 19274 bytes; exists: false
       Install file: /home/sarah/dendroscope/openjfx/unix/legal/javafx.web/icu_web.md; size: 21088 bytes; exists: false
       Install file: /home/sarah/dendroscope/openjfx/unix/legal/javafx.web/libxml2.md; size: 1089 bytes; exists: false
       Install file: /home/sarah/dendroscope/openjfx/unix/legal/javafx.web/libxslt.md; size: 1126 bytes; exists: false
       Install file: /home/sarah/dendroscope/openjfx/unix/legal/javafx.web/webkit.md; size: 27513 bytes; exists: false
       Install file: /home/sarah/dendroscope/openjfx/unix/lib/javafx-swt.jar; size: 36682 bytes; exists: false
       Install file: /home/sarah/dendroscope/openjfx/unix/lib/javafx.base.jar; size: 744471 bytes; exists: false
       Install file: /home/sarah/dendroscope/openjfx/unix/lib/javafx.controls.jar; size: 2508235 bytes; exists: false
       Install file: /home/sarah/dendroscope/openjfx/unix/lib/javafx.fxml.jar; size: 125617 bytes; exists: false
       Install file: /home/sarah/dendroscope/openjfx/unix/lib/javafx.graphics.jar; size: 4349318 bytes; exists: false
       Install file: /home/sarah/dendroscope/openjfx/unix/lib/javafx.media.jar; size: 263871 bytes; exists: false
       Install file: /home/sarah/dendroscope/openjfx/unix/lib/javafx.properties; size: 77 bytes; exists: false
       Install file: /home/sarah/dendroscope/openjfx/unix/lib/javafx.swing.jar; size: 87713 bytes; exists: false
       Install file: /home/sarah/dendroscope/openjfx/unix/lib/javafx.web.jar; size: 702070 bytes; exists: false
       Install file: /home/sarah/dendroscope/openjfx/unix/lib/libavplugin-54.so; size: 51512 bytes; exists: false
       Install file: /home/sarah/dendroscope/openjfx/unix/lib/libavplugin-56.so; size: 51530 bytes; exists: false
       Install file: /home/sarah/dendroscope/openjfx/unix/lib/libavplugin-57.so; size: 51530 bytes; exists: false
       Install file: /home/sarah/dendroscope/openjfx/unix/lib/libavplugin-ffmpeg-56.so; size: 51663 bytes; exists: false
       Install file: /home/sarah/dendroscope/openjfx/unix/lib/libavplugin-ffmpeg-57.so; size: 51530 bytes; exists: false
       Install file: /home/sarah/dendroscope/openjfx/unix/lib/libdecora_sse.so; size: 74618 bytes; exists: false
       Install file: /home/sarah/dendroscope/openjfx/unix/lib/libfxplugins.so; size: 51215 bytes; exists: false
       Install file: /home/sarah/dendroscope/openjfx/unix/lib/libglass.so; size: 12810 bytes; exists: false
       Install file: /home/sarah/dendroscope/openjfx/unix/lib/libglassgtk2.so; size: 359330 bytes; exists: false
       Install file: /home/sarah/dendroscope/openjfx/unix/lib/libglassgtk3.so; size: 359645 bytes; exists: false
       Install file: /home/sarah/dendroscope/openjfx/unix/lib/libgstreamer-lite.so; size: 2205991 bytes; exists: false
       Install file: /home/sarah/dendroscope/openjfx/unix/lib/libjavafx_font.so; size: 16825 bytes; exists: false
       Install file: /home/sarah/dendroscope/openjfx/unix/lib/libjavafx_font_freetype.so; size: 27263 bytes; exists: false
       Install file: /home/sarah/dendroscope/openjfx/unix/lib/libjavafx_font_pango.so; size: 25274 bytes; exists: false
       Install file: /home/sarah/dendroscope/openjfx/unix/lib/libjavafx_iio.so; size: 256191 bytes; exists: false
       Install file: /home/sarah/dendroscope/openjfx/unix/lib/libjfxmedia.so; size: 434596 bytes; exists: false
       Install file: /home/sarah/dendroscope/openjfx/unix/lib/libjfxwebkit.so; size: 88610824 bytes; exists: false
       Install file: /home/sarah/dendroscope/openjfx/unix/lib/libprism_common.so; size: 59144 bytes; exists: false
       Install file: /home/sarah/dendroscope/openjfx/unix/lib/libprism_es2.so; size: 63740 bytes; exists: false
       Install file: /home/sarah/dendroscope/openjfx/unix/lib/libprism_sw.so; size: 71335 bytes; exists: false
       Install file: /home/sarah/dendroscope/openjfx/unix/lib/src.zip; size: 6646232 bytes; exists: false
       Install file: /home/sarah/dendroscope/.install4j/inst_jre.cfg; size: 35 bytes; exists: false
       File options set to: [fileTime: Tue Sep 29 13:53:15 CEST 2020, mode: 644, overwriteMode: Always, shared: false, uninstallMode: If created, delayIfNecessary: false]
       Install file: /home/sarah/dendroscope/.install4j/i4jruntime.jar; size: 2051573 bytes; exists: false
       File options set to: [fileTime: Tue Sep 29 13:53:15 CEST 2020, mode: 644, overwriteMode: Always, shared: false, uninstallMode: Always, delayIfNecessary: false]
       Install file: /home/sarah/dendroscope/.install4j/MessagesDefault; size: 34270 bytes; exists: false
       Install file: /home/sarah/dendroscope/.install4j/i4jparams.conf; size: 114069 bytes; exists: false
       Install file: /home/sarah/dendroscope/.install4j/stats.properties; size: 1158 bytes; exists: false
       Install file: /home/sarah/dendroscope/.install4j/i4jempty.ttf; size: 1004 bytes; exists: false
       Install file: /home/sarah/dendroscope/.install4j/uninstallPrevious.log; size: 4298 bytes; exists: false
       Install file: /home/sarah/dendroscope/.install4j/launchers.xml; size: 275 bytes; exists: false
       Install file: /home/sarah/dendroscope/.install4j/user.jar; size: 26569 bytes; exists: false
       Install file: /home/sarah/dendroscope/.install4j/launcherc67b37b5.jar; size: 793 bytes; exists: false
       Install file: /home/sarah/dendroscope/.install4j/launcherbe003e81.jar; size: 820 bytes; exists: false
       Install file: /home/sarah/dendroscope/.install4j/launcher0.jar; size: 725 bytes; exists: false
       Install file: /home/sarah/dendroscope/.install4j/launcher2bfa42ba.jar; size: 757 bytes; exists: false
       Install file: /home/sarah/dendroscope/.install4j/i4j_extf_5_jg1g94_18gg8kx@2x.png; size: 15419 bytes; exists: false
       Install file: /home/sarah/dendroscope/.install4j/i4j_extf_2_jg1g94_x7nby6.png; size: 756 bytes; exists: false
       Install file: /home/sarah/dendroscope/.install4j/i4j_extf_4_jg1g94_un9apv.png; size: 1884 bytes; exists: false
       Install file: /home/sarah/dendroscope/.install4j/libi4jinst2.dylib; size: 67032 bytes; exists: false
       Install file: /home/sarah/dendroscope/.install4j/i4j_extf_3_jg1g94_vd2dea.png; size: 1187 bytes; exists: false
       Install file: /home/sarah/dendroscope/.install4j/i4j_extf_1_jg1g94.txt; size: 968 bytes; exists: false
       Install file: /home/sarah/dendroscope/.install4j/libi4jinst.dylib; size: 129936 bytes; exists: false
       Install file: /home/sarah/dendroscope/.install4j/i4j_extf_5_jg1g94_18gg8kx.png; size: 9202 bytes; exists: false
       Install file: /home/sarah/dendroscope/.install4j/i4j_extf_0_jg1g94.utf8; size: 34270 bytes; exists: false
       Backing up /home/sarah/dendroscope/.install4j/response.varfile
       Execute action successful after 830 ms
[INFO] com.install4j.runtime.beans.actions.desktop.CreateProgramGroupAction [ID 1691242170]: Execute action
       Property categories: Application
       Property linkDirectory: /usr/local/bin
       Property programGroupEntryConfigs: []
       Property programGroupName: 
       Property uninstallerMenuName: Dendroscope Uninstaller
       Property addDefaultLauncherLinks: true
       Property addUninstaller: true
       Property allUsers: true
       Property failForSymlinksNotCreated: false
       Property rollbackSupported: true
       Property unixMenuEntries: true
       Property unixSymlinks: true
       Variable changed: sys.programGroupName=Dendroscope[class java.lang.String]
       Install file: /home/sarah/dendroscope/.install4j/install4j_1jf9y2i-Dendroscope.desktop; size: 254 bytes; exists: false
       File options set to: [fileTime: Tue Sep 29 13:53:15 CEST 2020, mode: 755, overwriteMode: Always, shared: false, uninstallMode: Always, delayIfNecessary: false]
[ERROR] com.install4j.runtime.beans.actions.desktop.CreateProgramGroupAction [ID 1691242170]: /usr/local/bin/Dendroscope
[INFO] com.install4j.runtime.beans.actions.desktop.CreateProgramGroupAction [ID 1691242170]: Execute action successful after 514 ms
[INFO] com.install4j.runtime.beans.actions.desktop.RegisterAddRemoveAction [ID 1691242171]: Execute action
       Property icon: null
       Property iconSource: Installer icon
       Property itemName: Dendroscope 3.7.2
       Property persistentProperties: {}
       Property rollbackSupported: true
       Execute action successful after 1 ms
[INFO] com.install4j.runtime.beans.screens.InstallationScreen [ID 1691242168]: Rollback barrier reached
       command: move 1 screens, executing actions, checking condition
[INFO] com.install4j.runtime.beans.screens.FormScreen [ID 1691242348]: Show screen
[INFO] com.install4j.runtime.beans.screens.FormScreen [ID 1691242348]: command: move 1 screens, executing actions, checking condition
[INFO] com.install4j.runtime.beans.screens.FormScreen [ID 1691242423]: Show screen
       Variable changed: myXmx=600[class java.lang.Integer]
[INFO] com.install4j.runtime.beans.actions.misc.AddVmOptionsAction [ID 1691242424]: Execute action
       Property launcherId: 1691242142
       Property macosVmOptionsType: Contained in the application bundle
       Property vmOptions: [-Xmx600M]
       Property rollbackSupported: true
       Backing up /home/sarah/dendroscope/Dendroscope.vmoptions
       Execute action successful after 10 ms
[INFO] com.install4j.runtime.beans.screens.FormScreen [ID 1691242423]: command: move 1 screens, executing actions, checking condition
[INFO] com.install4j.runtime.beans.screens.FinishedScreen [ID 1691242172]: Show screen
[INFO] com.install4j.runtime.beans.screens.FinishedScreen [ID 1691242172]: command: finish
       cleaning up
       Finished
